<?xml version="1.0" encoding="UTF-8"?>
<!-- Generated by org.testng.reporters.JUnitReportReporter -->
<testsuite skipped="0" hostname="DESKTOP-25NUQJA" name="com.seleniumform.AutomationHomeTestcase" tests="1" failures="0" timestamp="2020-10-13T16:07:30 IST" time="45.290" errors="0">
  <testcase name="login" time="45.290" classname="com.seleniumform.AutomationHomeTestcase"/>
  <system-out/>
</testsuite> <!-- com.seleniumform.AutomationHomeTestcase -->
